Initializing for project-bd8c584b-bec0-462d-850 in us-central1...
Listing available models...
Custom Models found: 0

Checking Foundation Models availability...
Traceback (most recent call last):
  File "C:\Users\user\AppData\Local\Programs\Python\Python311\Lib\site-packages\google\api_core\grpc_helpers.py", line 75, in error_remapped_callable
    return callable_(*args, **kwargs)
           ^^^^^^^^^^^^^^^^^^^^^^^^^^
  File "C:\Users\user\AppData\Local\Programs\Python\Python311\Lib\site-packages\grpc\_channel.py", line 1166, in __call__
    return _end_unary_response_blocking(state, call, False, None)
           ^^^^^^^^^^^^^^^^^^^^^^^^^^^^^^^^^^^^^^^^^^^^^^^^^^^^^^
  File "C:\Users\user\AppData\Local\Programs\Python\Python311\Lib\site-packages\grpc\_channel.py", line 996, in _end_unary_response_blocking
    raise _InactiveRpcError(state)  # pytype: disable=not-instantiable
    ^^^^^^^^^^^^^^^^^^^^^^^^^^^^^^
grpc._channel._InactiveRpcError: <_InactiveRpcError of RPC that terminated with:
	status = StatusCode.NOT_FOUND
	details = "Publisher Model `projects/project-bd8c584b-bec0-462d-850/locations/us-central1/publishers/google/models/gemini-1.5-flash` was not found or your project does not have access to it. Please ensure you are using a valid model version. For more information, see: https://cloud.google.com/vertex-ai/generative-ai/docs/learn/model-versions"
	debug_error_string = "UNKNOWN:Error received from peer ipv4:216.58.223.74:443 {grpc_message:"Publisher Model `projects/project-bd8c584b-bec0-462d-850/locations/us-central1/publishers/google/models/gemini-1.5-flash` was not found or your project does not have access to it. Please ensure you are using a valid model version. For more information, see: https://cloud.google.com/vertex-ai/generative-ai/docs/learn/model-versions", grpc_status:5}"
>

The above exception was the direct cause of the following exception:

Traceback (most recent call last):
  File "D:\nexus-ai\list_all_models.py", line 47, in <module>
    model.generate_content("test")
  File "C:\Users\user\AppData\Local\Programs\Python\Python311\Lib\site-packages\vertexai\generative_models\_generative_models.py", line 654, in generate_content
    return self._generate_content(
           ^^^^^^^^^^^^^^^^^^^^^^^
  File "C:\Users\user\AppData\Local\Programs\Python\Python311\Lib\site-packages\vertexai\generative_models\_generative_models.py", line 779, in _generate_content
    gapic_response = self._prediction_client.generate_content(request=request)
                     ^^^^^^^^^^^^^^^^^^^^^^^^^^^^^^^^^^^^^^^^^^^^^^^^^^^^^^^^^
  File "C:\Users\user\AppData\Local\Programs\Python\Python311\Lib\site-packages\google\cloud\aiplatform_v1\services\prediction_service\client.py", line 2159, in generate_content
    response = rpc(
               ^^^^
  File "C:\Users\user\AppData\Local\Programs\Python\Python311\Lib\site-packages\google\api_core\gapic_v1\method.py", line 131, in __call__
    return wrapped_func(*args, **kwargs)
           ^^^^^^^^^^^^^^^^^^^^^^^^^^^^^
  File "C:\Users\user\AppData\Local\Programs\Python\Python311\Lib\site-packages\google\api_core\grpc_helpers.py", line 77, in error_remapped_callable
    raise exceptions.from_grpc_error(exc) from exc
google.api_core.exceptions.NotFound: 404 Publisher Model `projects/project-bd8c584b-bec0-462d-850/locations/us-central1/publishers/google/models/gemini-1.5-flash` was not found or your project does not have access to it. Please ensure you are using a valid model version. For more information, see: https://cloud.google.com/vertex-ai/generative-ai/docs/learn/model-versions

During handling of the above exception, another exception occurred:

Traceback (most recent call last):
  File "D:\nexus-ai\list_all_models.py", line 50, in <module>
    print(f"FAILED \u274c ({str(e)[:100]}...)")
  File "C:\Users\user\AppData\Local\Programs\Python\Python311\Lib\encodings\cp1252.py", line 19, in encode
    return codecs.charmap_encode(input,self.errors,encoding_table)[0]
           ^^^^^^^^^^^^^^^^^^^^^^^^^^^^^^^^^^^^^^^^^^^^^^^^^^^^^^^
UnicodeEncodeError: 'charmap' codec can't encode character '\u274c' in position 7: character maps to <undefined>
Testing gemini-1.5-flash... 
